<?xml version="1.0" encoding="UTF-8"?>
<!-- Generated by org.testng.reporters.JUnitReportReporter -->
<testsuite skipped="0" hostname="SowmyaMP" name="Test.NewTest" tests="2" failures="0" timestamp="15 Jul 2020 05:30:00 GMT" time="7.717" errors="0">
  <testcase name="Login" time="6.236" classname="Test.NewTest"/>
  <testcase name="Logout" time="1.481" classname="Test.NewTest"/>
</testsuite> <!-- Test.NewTest -->
