<?xml version="1.0" encoding="UTF-8"?>
<!-- Generated by org.testng.reporters.JUnitReportReporter -->
<testsuite hostname="SowmyaMP" failures="0" tests="2" name="Test.NewTest" time="7.327" errors="0" timestamp="15 Jul 2020 05:32:35 GMT" skipped="0">
  <testcase classname="Test.NewTest" name="Login" time="6.006"/>
  <testcase classname="Test.NewTest" name="Logout" time="1.321"/>
</testsuite> <!-- Test.NewTest -->
